Determining if the pthread_create exist failed with the following output:
Change Dir: /home/wecar/catkin_ws/src/hand_made/build-local_path-ROS-Debug/CMakeFiles/CMakeTmp

Run Build Command:"/usr/bin/make" "cmTC_c9805/fast"
/usr/bin/make -f CMakeFiles/cmTC_c9805.dir/build.make CMakeFiles/cmTC_c9805.dir/build
make[1]: Entering directory '/home/wecar/catkin_ws/src/hand_made/build-local_path-ROS-Debug/CMakeFiles/CMakeTmp'
Building C object CMakeFiles/cmTC_c9805.dir/CheckSymbolExists.c.o
/usr/bin/cc    -o CMakeFiles/cmTC_c9805.dir/CheckSymbolExists.c.o   -c /home/wecar/catkin_ws/src/hand_made/build-local_path-ROS-Debug/CMakeFiles/CMakeTmp/CheckSymbolExists.c
Linking C executable cmTC_c9805
/usr/bin/cmake -E cmake_link_script CMakeFiles/cmTC_c9805.dir/link.txt --verbose=1
/usr/bin/cc      -rdynamic CMakeFiles/cmTC_c9805.dir/CheckSymbolExists.c.o  -o cmTC_c9805 
CMakeFiles/cmTC_c9805.dir/CheckSymbolExists.c.o: In function `main':
CheckSymbolExists.c:(.text+0x14): undefined reference to `pthread_create'
CheckSymbolExists.c:(.text+0x18): undefined reference to `pthread_create'
collect2: error: ld returned 1 exit status
CMakeFiles/cmTC_c9805.dir/build.make:97: recipe for target 'cmTC_c9805' failed
make[1]: *** [cmTC_c9805] Error 1
make[1]: Leaving directory '/home/wecar/catkin_ws/src/hand_made/build-local_path-ROS-Debug/CMakeFiles/CMakeTmp'
Makefile:126: recipe for target 'cmTC_c9805/fast' failed
make: *** [cmTC_c9805/fast] Error 2

File /home/wecar/catkin_ws/src/hand_made/build-local_path-ROS-Debug/CMakeFiles/CMakeTmp/CheckSymbolExists.c:
/* */
#include <pthread.h>

int main(int argc, char** argv)
{
  (void)argv;
#ifndef pthread_create
  return ((int*)(&pthread_create))[argc];
#else
  (void)argc;
  return 0;
#endif
}

Determining if the function pthread_create exists in the pthreads failed with the following output:
Change Dir: /home/wecar/catkin_ws/src/hand_made/build-local_path-ROS-Debug/CMakeFiles/CMakeTmp

Run Build Command:"/usr/bin/make" "cmTC_d4b1e/fast"
/usr/bin/make -f CMakeFiles/cmTC_d4b1e.dir/build.make CMakeFiles/cmTC_d4b1e.dir/build
make[1]: Entering directory '/home/wecar/catkin_ws/src/hand_made/build-local_path-ROS-Debug/CMakeFiles/CMakeTmp'
Building C object CMakeFiles/cmTC_d4b1e.dir/CheckFunctionExists.c.o
/usr/bin/cc   -DCHECK_FUNCTION_EXISTS=pthread_create   -o CMakeFiles/cmTC_d4b1e.dir/CheckFunctionExists.c.o   -c /usr/share/cmake-3.10/Modules/CheckFunctionExists.c
Linking C executable cmTC_d4b1e
/usr/bin/cmake -E cmake_link_script CMakeFiles/cmTC_d4b1e.dir/link.txt --verbose=1
/usr/bin/cc  -DCHECK_FUNCTION_EXISTS=pthread_create    -rdynamic CMakeFiles/cmTC_d4b1e.dir/CheckFunctionExists.c.o  -o cmTC_d4b1e -lpthreads 
/usr/bin/ld: cannot find -lpthreads
collect2: error: ld returned 1 exit status
CMakeFiles/cmTC_d4b1e.dir/build.make:97: recipe for target 'cmTC_d4b1e' failed
make[1]: *** [cmTC_d4b1e] Error 1
make[1]: Leaving directory '/home/wecar/catkin_ws/src/hand_made/build-local_path-ROS-Debug/CMakeFiles/CMakeTmp'
Makefile:126: recipe for target 'cmTC_d4b1e/fast' failed
make: *** [cmTC_d4b1e/fast] Error 2


