Determining if the pthread_create exist failed with the following output:
Change Dir: /home/wecar/catkin_ws/src/hand_made/build-local_path-ROS-Default/CMakeFiles/CMakeTmp

Run Build Command:"/usr/bin/make" "cmTC_cc419/fast"
/usr/bin/make -f CMakeFiles/cmTC_cc419.dir/build.make CMakeFiles/cmTC_cc419.dir/build
make[1]: Entering directory '/home/wecar/catkin_ws/src/hand_made/build-local_path-ROS-Default/CMakeFiles/CMakeTmp'
Building C object CMakeFiles/cmTC_cc419.dir/CheckSymbolExists.c.o
/usr/bin/cc    -o CMakeFiles/cmTC_cc419.dir/CheckSymbolExists.c.o   -c /home/wecar/catkin_ws/src/hand_made/build-local_path-ROS-Default/CMakeFiles/CMakeTmp/CheckSymbolExists.c
Linking C executable cmTC_cc419
/usr/bin/cmake -E cmake_link_script CMakeFiles/cmTC_cc419.dir/link.txt --verbose=1
/usr/bin/cc      -rdynamic CMakeFiles/cmTC_cc419.dir/CheckSymbolExists.c.o  -o cmTC_cc419 
CMakeFiles/cmTC_cc419.dir/CheckSymbolExists.c.o: In function `main':
CheckSymbolExists.c:(.text+0x14): undefined reference to `pthread_create'
CheckSymbolExists.c:(.text+0x18): undefined reference to `pthread_create'
collect2: error: ld returned 1 exit status
CMakeFiles/cmTC_cc419.dir/build.make:97: recipe for target 'cmTC_cc419' failed
make[1]: *** [cmTC_cc419] Error 1
make[1]: Leaving directory '/home/wecar/catkin_ws/src/hand_made/build-local_path-ROS-Default/CMakeFiles/CMakeTmp'
Makefile:126: recipe for target 'cmTC_cc419/fast' failed
make: *** [cmTC_cc419/fast] Error 2

File /home/wecar/catkin_ws/src/hand_made/build-local_path-ROS-Default/CMakeFiles/CMakeTmp/CheckSymbolExists.c:
/* */
#include <pthread.h>

int main(int argc, char** argv)
{
  (void)argv;
#ifndef pthread_create
  return ((int*)(&pthread_create))[argc];
#else
  (void)argc;
  return 0;
#endif
}

Determining if the function pthread_create exists in the pthreads failed with the following output:
Change Dir: /home/wecar/catkin_ws/src/hand_made/build-local_path-ROS-Default/CMakeFiles/CMakeTmp

Run Build Command:"/usr/bin/make" "cmTC_23cd3/fast"
/usr/bin/make -f CMakeFiles/cmTC_23cd3.dir/build.make CMakeFiles/cmTC_23cd3.dir/build
make[1]: Entering directory '/home/wecar/catkin_ws/src/hand_made/build-local_path-ROS-Default/CMakeFiles/CMakeTmp'
Building C object CMakeFiles/cmTC_23cd3.dir/CheckFunctionExists.c.o
/usr/bin/cc   -DCHECK_FUNCTION_EXISTS=pthread_create   -o CMakeFiles/cmTC_23cd3.dir/CheckFunctionExists.c.o   -c /usr/share/cmake-3.10/Modules/CheckFunctionExists.c
Linking C executable cmTC_23cd3
/usr/bin/cmake -E cmake_link_script CMakeFiles/cmTC_23cd3.dir/link.txt --verbose=1
/usr/bin/cc  -DCHECK_FUNCTION_EXISTS=pthread_create    -rdynamic CMakeFiles/cmTC_23cd3.dir/CheckFunctionExists.c.o  -o cmTC_23cd3 -lpthreads 
/usr/bin/ld: cannot find -lpthreads
collect2: error: ld returned 1 exit status
CMakeFiles/cmTC_23cd3.dir/build.make:97: recipe for target 'cmTC_23cd3' failed
make[1]: *** [cmTC_23cd3] Error 1
make[1]: Leaving directory '/home/wecar/catkin_ws/src/hand_made/build-local_path-ROS-Default/CMakeFiles/CMakeTmp'
Makefile:126: recipe for target 'cmTC_23cd3/fast' failed
make: *** [cmTC_23cd3/fast] Error 2


